WukongWeather/app/build/outputs/logs/manifest-merger-debug-report.txt
-- Merging decision tree log ---
manifest
ADDED from src\main\AndroidManifest.xml:2:1-95:12
	xmlns:android
		ADDED from src\main\AndroidManifest.xml:2:11-69
	package
		ADDED from src\main\AndroidManifest.xml:3:5-40
		INJECTED from src\main\AndroidManifest.xml
		INJECTED from src\main\AndroidManifest.xml
	android:versionName
		ADDED from src\main\AndroidManifest.xml:5:5-32
		INJECTED from src\main\AndroidManifest.xml
		INJECTED from src\main\AndroidManifest.xml
	android:versionCode
		ADDED from src\main\AndroidManifest.xml:4:5-28
		INJECTED from src\main\AndroidManifest.xml
		INJECTED from src\main\AndroidManifest.xml
uses-sdk
ADDED from src\main\AndroidManifest.xml:7:5-9:41
MERGED from [com.android.support:support-v4:23.1.1] AndroidManifest.xml:20:5-43
MERGED from [com.timqi.sectorprogressview:SectorProgressView:1.0.1] AndroidManifest.xml:7:5-9:41
MERGED from [WukongWeather:RoundCornerProgressBar:unspecified] AndroidManifest.xml:8:5-10:41
MERGED from [WukongWeather:ptrlib:unspecified] AndroidManifest.xml:7:5-9:41
MERGED from [com.mikepenz:materialdrawer:4.6.4] AndroidManifest.xml:8:5-10:41
MERGED from [com.android.support:appcompat-v7:23.1.1] AndroidManifest.xml:20:5-43
MERGED from [com.android.support:support-v4:23.1.1] AndroidManifest.xml:20:5-43
MERGED from [com.android.support:recyclerview-v7:23.1.1] AndroidManifest.xml:20:5-43
MERGED from [com.android.support:support-v4:23.1.1] AndroidManifest.xml:20:5-43
MERGED from [com.mikepenz:materialize:0.5.1] AndroidManifest.xml:8:5-10:41
MERGED from [com.android.support:appcompat-v7:23.1.1] AndroidManifest.xml:20:5-43
MERGED from [com.android.support:support-v4:23.1.1] AndroidManifest.xml:20:5-43
MERGED from [com.mikepenz:iconics-core:2.5.4] AndroidManifest.xml:8:5-10:41
MERGED from [com.android.support:appcompat-v7:23.1.1] AndroidManifest.xml:20:5-43
MERGED from [com.android.support:support-v4:23.1.1] AndroidManifest.xml:20:5-43
MERGED from [com.baoyz.swipemenulistview:library:1.3.0] AndroidManifest.xml:7:5-9:41
MERGED from [com.android.support:support-v4:23.1.1] AndroidManifest.xml:20:5-43
MERGED from [com.orhanobut:dialogplus:1.10] AndroidManifest.xml:5:5-7:41
MERGED from [com.github.vajro:MaterialDesignLibrary:1.6] AndroidManifest.xml:7:5-9:41
MERGED from [com.android.support:support-v4:23.1.1] AndroidManifest.xml:20:5-43
MERGED from [com.android.support:appcompat-v7:23.1.1] AndroidManifest.xml:20:5-43
MERGED from [com.android.support:support-v4:23.1.1] AndroidManifest.xml:20:5-43
MERGED from [com.android.support:design:23.1.1] AndroidManifest.xml:20:5-43
MERGED from [com.android.support:appcompat-v7:23.1.1] AndroidManifest.xml:20:5-43
MERGED from [com.android.support:support-v4:23.1.1] AndroidManifest.xml:20:5-43
MERGED from [com.android.support:recyclerview-v7:23.1.1] AndroidManifest.xml:20:5-43
MERGED from [com.android.support:support-v4:23.1.1] AndroidManifest.xml:20:5-43
MERGED from [com.android.support:support-v4:23.1.1] AndroidManifest.xml:20:5-43
	android:targetSdkVersion
		ADDED from src\main\AndroidManifest.xml:9:9-38
		INJECTED from src\main\AndroidManifest.xml
		INJECTED from src\main\AndroidManifest.xml
	android:minSdkVersion
		ADDED from src\main\AndroidManifest.xml:8:9-35
		INJECTED from src\main\AndroidManifest.xml
		INJECTED from src\main\AndroidManifest.xml
uses-permission#android.permission.INTERNET
ADDED from src\main\AndroidManifest.xml:11:5-67
	android:name
		ADDED from src\main\AndroidManifest.xml:11:22-64
uses-permission#android.permission.MOUNT_UNMOUNT_FILESYSTEMS
ADDED from src\main\AndroidManifest.xml:12:5-84
	android:name
		ADDED from src\main\AndroidManifest.xml:12:22-81
uses-permission#android.permission.WRITE_EXTERNAL_STORAGE
ADDED from src\main\AndroidManifest.xml:13:5-81
	android:name
		ADDED from src\main\AndroidManifest.xml:13:22-78
uses-permission#android.permission.ACCESS_COARSE_LOCATION
ADDED from src\main\AndroidManifest.xml:14:5-81
	android:name
		ADDED from src\main\AndroidManifest.xml:14:22-78
uses-permission#android.permission.ACCESS_FINE_LOCATION
ADDED from src\main\AndroidManifest.xml:15:5-79
	android:name
		ADDED from src\main\AndroidManifest.xml:15:22-76
uses-permission#android.permission.ACCESS_WIFI_STATE
ADDED from src\main\AndroidManifest.xml:16:5-76
	android:name
		ADDED from src\main\AndroidManifest.xml:16:22-73
uses-permission#android.permission.ACCESS_NETWORK_STATE
ADDED from src\main\AndroidManifest.xml:17:5-79
	android:name
		ADDED from src\main\AndroidManifest.xml:17:22-76
uses-permission#android.permission.CHANGE_WIFI_STATE
ADDED from src\main\AndroidManifest.xml:19:5-76
	android:name
		ADDED from src\main\AndroidManifest.xml:19:22-73
uses-permission#android.permission.READ_PHONE_STATE
ADDED from src\main\AndroidManifest.xml:20:5-75
	android:name
		ADDED from src\main\AndroidManifest.xml:20:22-72
uses-permission#android.permission.READ_LOGS
ADDED from src\main\AndroidManifest.xml:22:5-68
	android:name
		ADDED from src\main\AndroidManifest.xml:22:22-65
uses-permission#android.permission.RECEIVE_BOOT_COMPLETED
ADDED from src\main\AndroidManifest.xml:23:5-81
	android:name
		ADDED from src\main\AndroidManifest.xml:23:22-78
uses-permission#android.permission.BROADCAST_STICKY
ADDED from src\main\AndroidManifest.xml:24:5-75
	android:name
		ADDED from src\main\AndroidManifest.xml:24:22-72
application
ADDED from src\main\AndroidManifest.xml:27:5-93:19
MERGED from [com.android.support:support-v4:23.1.1] AndroidManifest.xml:22:5-20
MERGED from [com.timqi.sectorprogressview:SectorProgressView:1.0.1] AndroidManifest.xml:11:5-13:44
MERGED from [WukongWeather:ptrlib:unspecified] AndroidManifest.xml:11:5-20
MERGED from [com.android.support:appcompat-v7:23.1.1] AndroidManifest.xml:22:5-20
MERGED from [com.android.support:support-v4:23.1.1] AndroidManifest.xml:22:5-20
MERGED from [com.android.support:support-v4:23.1.1] AndroidManifest.xml:22:5-20
MERGED from [com.android.support:appcompat-v7:23.1.1] AndroidManifest.xml:22:5-20
MERGED from [com.android.support:support-v4:23.1.1] AndroidManifest.xml:22:5-20
MERGED from [com.android.support:appcompat-v7:23.1.1] AndroidManifest.xml:22:5-20
MERGED from [com.android.support:support-v4:23.1.1] AndroidManifest.xml:22:5-20
MERGED from [com.android.support:support-v4:23.1.1] AndroidManifest.xml:22:5-20
MERGED from [com.orhanobut:dialogplus:1.10] AndroidManifest.xml:9:5-10:19
MERGED from [com.github.vajro:MaterialDesignLibrary:1.6] AndroidManifest.xml:11:5-14:19
MERGED from [com.android.support:support-v4:23.1.1] AndroidManifest.xml:22:5-20
MERGED from [com.android.support:appcompat-v7:23.1.1] AndroidManifest.xml:22:5-20
MERGED from [com.android.support:support-v4:23.1.1] AndroidManifest.xml:22:5-20
MERGED from [com.android.support:design:23.1.1] AndroidManifest.xml:22:5-20
MERGED from [com.android.support:appcompat-v7:23.1.1] AndroidManifest.xml:22:5-20
MERGED from [com.android.support:support-v4:23.1.1] AndroidManifest.xml:22:5-20
MERGED from [com.android.support:support-v4:23.1.1] AndroidManifest.xml:22:5-20
MERGED from [com.android.support:support-v4:23.1.1] AndroidManifest.xml:22:5-20
	android:allowBackup
		ADDED from [com.timqi.sectorprogressview:SectorProgressView:1.0.1] AndroidManifest.xml:12:9-35
	android:label
		ADDED from src\main\AndroidManifest.xml:30:9-41
	android:icon
		ADDED from src\main\AndroidManifest.xml:29:9-43
	android:theme
		ADDED from src\main\AndroidManifest.xml:31:9-40
	android:name
		ADDED from src\main\AndroidManifest.xml:28:9-57
meta-data#com.baidu.lbsapi.API_KEY
ADDED from src\main\AndroidManifest.xml:32:9-34:56
	android:name
		ADDED from src\main\AndroidManifest.xml:33:13-52
	android:value
		ADDED from src\main\AndroidManifest.xml:34:13-53
activity#com.zhangzhun.way.weather.MainActivity
ADDED from src\main\AndroidManifest.xml:36:9-48:20
	android:screenOrientation
		ADDED from src\main\AndroidManifest.xml:42:13-49
	android:configChanges
		ADDED from src\main\AndroidManifest.xml:40:13-70
	android:theme
		ADDED from src\main\AndroidManifest.xml:39:13-69
	android:name
		ADDED from src\main\AndroidManifest.xml:37:13-66
	android:alwaysRetainTaskState
		ADDED from src\main\AndroidManifest.xml:38:13-49
	android:launchMode
		ADDED from src\main\AndroidManifest.xml:41:13-43
intent-filter#android.intent.action.MAIN+android.intent.category.LAUNCHER
ADDED from src\main\AndroidManifest.xml:43:13-47:29
action#android.intent.action.MAIN
ADDED from src\main\AndroidManifest.xml:44:17-69
	android:name
		ADDED from src\main\AndroidManifest.xml:44:25-66
category#android.intent.category.LAUNCHER
ADDED from src\main\AndroidManifest.xml:46:17-77
	android:name
		ADDED from src\main\AndroidManifest.xml:46:27-74
activity#com.zhangzhun.way.weather.SelectCtiyActivity
ADDED from src\main\AndroidManifest.xml:49:9-56:20
	android:windowSoftInputMode
		ADDED from src\main\AndroidManifest.xml:55:13-64
	android:screenOrientation
		ADDED from src\main\AndroidManifest.xml:54:13-49
	android:configChanges
		ADDED from src\main\AndroidManifest.xml:52:13-70
	android:name
		ADDED from src\main\AndroidManifest.xml:50:13-72
	android:alwaysRetainTaskState
		ADDED from src\main\AndroidManifest.xml:51:13-49
	android:launchMode
		ADDED from src\main\AndroidManifest.xml:53:13-43
activity#com.zhangzhun.way.weather.about.AboutActivity
ADDED from src\main\AndroidManifest.xml:57:9-60:20
	android:theme
		ADDED from src\main\AndroidManifest.xml:58:13-69
	android:name
		ADDED from src\main\AndroidManifest.xml:57:19-54
service#com.baidu.location.f
ADDED from src\main\AndroidManifest.xml:61:9-65:19
	android:process
		ADDED from src\main\AndroidManifest.xml:64:13-38
	android:enabled
		ADDED from src\main\AndroidManifest.xml:63:13-35
	android:name
		ADDED from src\main\AndroidManifest.xml:62:13-48
receiver#com.zhangzhun.way.weather.WeatherWidget
ADDED from src\main\AndroidManifest.xml:66:9-88:20
	android:label
		ADDED from src\main\AndroidManifest.xml:68:13-51
	android:name
		ADDED from src\main\AndroidManifest.xml:67:13-67
intent-filter#android.appwidget.action.APPWIDGET_UPDATE+android.intent.action.BOOT_COMPLETED+android.intent.action.USER_PRESENT+com.zhangzhun.way.weather.WeatherWidget.TEXTINFO_LEFT_HOTAREA_ACTION+com.zhangzhun.way.weather.WeatherWidget.TEXTINFO_RIGHT_HOTAREA_ACTION+com.zhangzhun.way.weather.WeatherWidget.TIME_LEFT_HOTAREA_ACTION+com.zhangzhun.way.weather.WeatherWidget.TIME_RIGHT_HOTAREA_ACTION+com.zhangzhun.way.weather.WeatherWidget.WEATHERICON_HOTAREA_ACTION
ADDED from src\main\AndroidManifest.xml:69:13-83:29
action#android.appwidget.action.APPWIDGET_UPDATE
ADDED from src\main\AndroidManifest.xml:70:17-84
	android:name
		ADDED from src\main\AndroidManifest.xml:70:25-81
action#android.intent.action.USER_PRESENT
ADDED from src\main\AndroidManifest.xml:71:17-77
	android:name
		ADDED from src\main\AndroidManifest.xml:71:25-74
action#android.intent.action.BOOT_COMPLETED
ADDED from src\main\AndroidManifest.xml:72:17-79
	android:name
		ADDED from src\main\AndroidManifest.xml:72:25-76
action#com.zhangzhun.way.weather.WeatherWidget.TEXTINFO_LEFT_HOTAREA_ACTION
ADDED from src\main\AndroidManifest.xml:73:17-111
	android:name
		ADDED from src\main\AndroidManifest.xml:73:25-108
action#com.zhangzhun.way.weather.WeatherWidget.WEATHERICON_HOTAREA_ACTION
ADDED from src\main\AndroidManifest.xml:74:17-109
	android:name
		ADDED from src\main\AndroidManifest.xml:74:25-106
action#com.zhangzhun.way.weather.WeatherWidget.TEXTINFO_RIGHT_HOTAREA_ACTION
ADDED from src\main\AndroidManifest.xml:75:17-112
	android:name
		ADDED from src\main\AndroidManifest.xml:75:25-109
action#com.zhangzhun.way.weather.WeatherWidget.TIME_LEFT_HOTAREA_ACTION
ADDED from src\main\AndroidManifest.xml:76:17-107
	android:name
		ADDED from src\main\AndroidManifest.xml:76:25-104
action#com.zhangzhun.way.weather.WeatherWidget.TIME_RIGHT_HOTAREA_ACTION
ADDED from src\main\AndroidManifest.xml:77:17-108
	android:name
		ADDED from src\main\AndroidManifest.xml:77:25-105
meta-data#android.appwidget.provider
ADDED from src\main\AndroidManifest.xml:85:13-87:62
	android:resource
		ADDED from src\main\AndroidManifest.xml:87:17-59
	android:name
		ADDED from src\main\AndroidManifest.xml:86:17-58
service#com.zhangzhun.way.weather.WeatherUpdateService
ADDED from src\main\AndroidManifest.xml:90:9-91:19
	android:name
		ADDED from src\main\AndroidManifest.xml:90:18-79